<?xml version="1.0" encoding="UTF-8"?>
<testng-results skipped="1" failed="0" total="2" passed="1">
  <reporter-output>
  </reporter-output>
  <suite name="Suite" duration-ms="29816" started-at="2019-07-31T02:09:23Z" finished-at="2019-07-31T02:09:52Z">
    <groups>
    </groups>
    <test name="Login guru on Chrome" duration-ms="29816" started-at="2019-07-31T02:09:23Z" finished-at="2019-07-31T02:09:52Z">
      <class name="com.payzing.testcase.HomePageScript_DCMTHAI">
        <test-method status="PASS" signature="beforeClass(java.lang.String, java.lang.String, java.lang.String)[pri:0, instance:com.payzing.testcase.HomePageScript_DCMTHAI@1d057a39]" name="beforeClass" is-config="true" duration-ms="19049" started-at="2019-07-31T09:09:23Z" finished-at="2019-07-31T09:09:42Z">
          <params>
            <param index="0">
              <value>
                <![CDATA[chrome]]>
              </value>
            </param>
            <param index="1">
              <value>
                <![CDATA[75.0.3770.140]]>
              </value>
            </param>
            <param index="2">
              <value>
                <![CDATA[https://zpay.mobi/]]>
              </value>
            </param>
          </params>
          <reporter-output>
          </reporter-output>
        </test-method> <!-- beforeClass -->
        <test-method status="PASS" signature="beforeMethod()[pri:0, instance:com.payzing.testcase.HomePageScript_DCMTHAI@1d057a39]" name="beforeMethod" is-config="true" duration-ms="4418" started-at="2019-07-31T09:09:42Z" finished-at="2019-07-31T09:09:46Z">
          <reporter-output>
          </reporter-output>
        </test-method> <!-- beforeMethod -->
        <test-method status="PASS" signature="testcase03_Verify_select_LINE_Pay_in_EWallet()[pri:0, instance:com.payzing.testcase.HomePageScript_DCMTHAI@1d057a39]" name="testcase03_Verify_select_LINE_Pay_in_EWallet" duration-ms="1353" started-at="2019-07-31T09:09:46Z" finished-at="2019-07-31T09:09:47Z">
          <reporter-output>
          </reporter-output>
        </test-method> <!-- testcase03_Verify_select_LINE_Pay_in_EWallet -->
        <test-method status="PASS" signature="afterMethod(org.testng.ITestResult)[pri:0, instance:com.payzing.testcase.HomePageScript_DCMTHAI@1d057a39]" name="afterMethod" is-config="true" duration-ms="7" started-at="2019-07-31T09:09:47Z" finished-at="2019-07-31T09:09:47Z">
          <params>
            <param index="0">
              <value>
                <![CDATA[[TestResult name=testcase03_Verify_select_LINE_Pay_in_EWallet status=SUCCESS method=HomePageScript_DCMTHAI.testcase03_Verify_select_LINE_Pay_in_EWallet()[pri:0, instance:com.payzing.testcase.HomePageScript_DCMTHAI@1d057a39] output={null}]]]>
              </value>
            </param>
          </params>
          <reporter-output>
          </reporter-output>
        </test-method> <!-- afterMethod -->
        <test-method status="FAIL" signature="beforeMethod()[pri:0, instance:com.payzing.testcase.HomePageScript_DCMTHAI@1d057a39]" name="beforeMethod" is-config="true" duration-ms="0" started-at="2019-07-31T09:09:47Z" finished-at="2019-07-31T09:09:47Z">
          <exception class="org.openqa.selenium.NoSuchElementException">
            <message>
              <![CDATA[no such element: Unable to locate element: {"method":"xpath","selector":"//img[@id='img-g-0-com-vng-dzm-2-th-goinap-3']"}
  (Session info: chrome=75.0.3770.142)
For documentation on this error, please visit: http://seleniumhq.org/exceptions/no_such_element.html
Build info: version: '3.11.0', revision: 'e59cfb3', time: '2018-03-11T20:26:55.152Z'
System info: host: 'NHUTBM', ip: '192.168.56.1', os.name: 'Windows 10', os.arch: 'amd64', os.version: '10.0', java.version: '1.8.0_181'
Driver info: org.openqa.selenium.chrome.ChromeDriver
Capabilities {acceptInsecureCerts: false, browserName: chrome, browserVersion: 75.0.3770.142, chrome: {chromedriverVersion: 75.0.3770.140 (2d9f97485c7b..., userDataDir: C:\Users\LAP121~1\AppData\L...}, goog:chromeOptions: {debuggerAddress: localhost:61263}, javascriptEnabled: true, networkConnectionEnabled: false, pageLoadStrategy: normal, platform: XP, platformName: XP, proxy: Proxy(), setWindowRect: true, strictFileInteractability: false, timeouts: {implicit: 0, pageLoad: 300000, script: 30000}, unhandledPromptBehavior: dismiss and notify}
Session ID: 307f490de64f79b25d9c871a9c6e22af
*** Element info: {Using=xpath, value=//img[@id='img-g-0-com-vng-dzm-2-th-goinap-3']}]]>
            </message>
            <full-stacktrace>
              <![CDATA[org.openqa.selenium.NoSuchElementException: no such element: Unable to locate element: {"method":"xpath","selector":"//img[@id='img-g-0-com-vng-dzm-2-th-goinap-3']"}
  (Session info: chrome=75.0.3770.142)
For documentation on this error, please visit: http://seleniumhq.org/exceptions/no_such_element.html
Build info: version: '3.11.0', revision: 'e59cfb3', time: '2018-03-11T20:26:55.152Z'
System info: host: 'NHUTBM', ip: '192.168.56.1', os.name: 'Windows 10', os.arch: 'amd64', os.version: '10.0', java.version: '1.8.0_181'
Driver info: org.openqa.selenium.chrome.ChromeDriver
Capabilities {acceptInsecureCerts: false, browserName: chrome, browserVersion: 75.0.3770.142, chrome: {chromedriverVersion: 75.0.3770.140 (2d9f97485c7b..., userDataDir: C:\Users\LAP121~1\AppData\L...}, goog:chromeOptions: {debuggerAddress: localhost:61263}, javascriptEnabled: true, networkConnectionEnabled: false, pageLoadStrategy: normal, platform: XP, platformName: XP, proxy: Proxy(), setWindowRect: true, strictFileInteractability: false, timeouts: {implicit: 0, pageLoad: 300000, script: 30000}, unhandledPromptBehavior: dismiss and notify}
Session ID: 307f490de64f79b25d9c871a9c6e22af
*** Element info: {Using=xpath, value=//img[@id='img-g-0-com-vng-dzm-2-th-goinap-3']}
	at sun.reflect.NativeConstructorAccessorImpl.newInstance0(Native Method)
	at sun.reflect.NativeConstructorAccessorImpl.newInstance(NativeConstructorAccessorImpl.java:62)
	at sun.reflect.DelegatingConstructorAccessorImpl.newInstance(DelegatingConstructorAccessorImpl.java:45)
	at java.lang.reflect.Constructor.newInstance(Constructor.java:423)
	at org.openqa.selenium.remote.http.W3CHttpResponseCodec.createException(W3CHttpResponseCodec.java:187)
	at org.openqa.selenium.remote.http.W3CHttpResponseCodec.decode(W3CHttpResponseCodec.java:122)
	at org.openqa.selenium.remote.http.W3CHttpResponseCodec.decode(W3CHttpResponseCodec.java:49)
	at org.openqa.selenium.remote.HttpCommandExecutor.execute(HttpCommandExecutor.java:158)
	at org.openqa.selenium.remote.service.DriverCommandExecutor.execute(DriverCommandExecutor.java:83)
	at org.openqa.selenium.remote.RemoteWebDriver.execute(RemoteWebDriver.java:545)
	at org.openqa.selenium.remote.RemoteWebDriver.findElement(RemoteWebDriver.java:319)
	at org.openqa.selenium.remote.RemoteWebDriver.findElementByXPath(RemoteWebDriver.java:421)
	at org.openqa.selenium.By$ByXPath.findElement(By.java:361)
	at org.openqa.selenium.remote.RemoteWebDriver.findElement(RemoteWebDriver.java:311)
	at Common.commonFunction.click(commonFunction.java:48)
	at com.payzing.testcase.HomePageScript_DCMTHAI.beforeMethod(HomePageScript_DCMTHAI.java:149)
	at sun.reflect.NativeMethodAccessorImpl.invoke0(Native Method)
	at sun.reflect.NativeMethodAccessorImpl.invoke(NativeMethodAccessorImpl.java:62)
	at sun.reflect.DelegatingMethodAccessorImpl.invoke(DelegatingMethodAccessorImpl.java:43)
	at java.lang.reflect.Method.invoke(Method.java:498)
	at org.testng.internal.MethodInvocationHelper.invokeMethod(MethodInvocationHelper.java:80)
	at org.testng.internal.Invoker.invokeConfigurationMethod(Invoker.java:564)
	at org.testng.internal.Invoker.invokeConfigurations(Invoker.java:213)
	at org.testng.internal.Invoker.invokeMethod(Invoker.java:653)
	at org.testng.internal.Invoker.invokeTestMethod(Invoker.java:901)
	at org.testng.internal.Invoker.invokeTestMethods(Invoker.java:1231)
	at org.testng.internal.TestMethodWorker.invokeTestMethods(TestMethodWorker.java:127)
	at org.testng.internal.TestMethodWorker.run(TestMethodWorker.java:111)
	at org.testng.TestRunner.privateRun(TestRunner.java:767)
	at org.testng.TestRunner.run(TestRunner.java:617)
	at org.testng.SuiteRunner.runTest(SuiteRunner.java:334)
	at org.testng.SuiteRunner.access$000(SuiteRunner.java:37)
	at org.testng.SuiteRunner$SuiteWorker.run(SuiteRunner.java:368)
	at org.testng.internal.thread.ThreadUtil$2.call(ThreadUtil.java:64)
	at java.util.concurrent.FutureTask.run(FutureTask.java:266)
	at java.util.concurrent.ThreadPoolExecutor.runWorker(ThreadPoolExecutor.java:1149)
	at java.util.concurrent.ThreadPoolExecutor$Worker.run(ThreadPoolExecutor.java:624)
	at java.lang.Thread.run(Thread.java:748)
]]>
            </full-stacktrace>
          </exception> <!-- org.openqa.selenium.NoSuchElementException -->
          <reporter-output>
          </reporter-output>
        </test-method> <!-- beforeMethod -->
        <test-method status="SKIP" signature="testcase04_Select_SCB_in_Bank()[pri:0, instance:com.payzing.testcase.HomePageScript_DCMTHAI@1d057a39]" name="testcase04_Select_SCB_in_Bank" duration-ms="0" started-at="2019-07-31T09:09:52Z" finished-at="2019-07-31T09:09:52Z">
          <reporter-output>
          </reporter-output>
        </test-method> <!-- testcase04_Select_SCB_in_Bank -->
        <test-method status="SKIP" signature="afterMethod(org.testng.ITestResult)[pri:0, instance:com.payzing.testcase.HomePageScript_DCMTHAI@1d057a39]" name="afterMethod" is-config="true" duration-ms="0" started-at="2019-07-31T09:09:52Z" finished-at="2019-07-31T09:09:52Z">
          <reporter-output>
          </reporter-output>
        </test-method> <!-- afterMethod -->
        <test-method status="SKIP" signature="afterClass()[pri:0, instance:com.payzing.testcase.HomePageScript_DCMTHAI@1d057a39]" name="afterClass" is-config="true" duration-ms="0" started-at="2019-07-31T09:09:52Z" finished-at="2019-07-31T09:09:52Z">
          <reporter-output>
          </reporter-output>
        </test-method> <!-- afterClass -->
      </class> <!-- com.payzing.testcase.HomePageScript_DCMTHAI -->
    </test> <!-- Login guru on Chrome -->
  </suite> <!-- Suite -->
</testng-results>
